Arguments: 
  C:\Program Files\nodejs\node.exe C:\Program Files (x86)\Yarn\bin\yarn.js add react-calendar-timeline

PATH: 
  C:\Program Files (x86)\Common Files\Oracle\Java\javapath;C:\Program Files (x86)\Intel\iCLS Client\;C:\Program Files\Intel\iCLS Client\;C:\windows\system32;C:\windows;C:\windows\System32\Wbem;C:\windows\System32\WindowsPowerShell\v1.0\;C:\Program Files (x86)\NVIDIA Corporation\PhysX\Common;C:\Program Files (x86)\Intel\Intel(R) Management Engine Components\DAL;C:\Program Files\Intel\Intel(R) Management Engine Components\DAL;C:\Program Files (x86)\Intel\Intel(R) Management Engine Components\IPT;C:\Program Files\Intel\Intel(R) Management Engine Components\IPT;C:\WINDOWS\system32;C:\WINDOWS;C:\WINDOWS\System32\Wbem;C:\WINDOWS\System32\WindowsPowerShell\v1.0\;C:\WINDOWS\System32\OpenSSH\;C:\Program Files\nodejs\;C:\Program Files (x86)\Yarn\bin\;C:\Program Files\MongoDB\Server\4.0\bin;C:\Program Files\Git\cmd;C:\Users\Gean_\AppData\Local\Microsoft\WindowsApps;C:\Users\Gean_\AppData\Roaming\npm;C:\Users\Gean_\AppData\Local\Programs\Microsoft VS Code\bin;C:\Users\Gean_\AppData\Local\Android\Sdk\platform-tools;C:\Users\Gean_\AppData\Local\Yarn\bin;C:\Program Files\Java\jdk1.8.0_181\bin;C:\Users\Gean_\AppData\Local\Android\Sdk\tools;C:\Users\Gean_\AppData\Local\Android\Sdk\tools\bin;C:\Users\Gean_\AppData\Local\Android\Sdk\platform-tools;C:\Users\Gean_\AppData\Local\Android\Sdk\emulator;C:\Users\Gean_\Desktop\watchman;

Yarn version: 
  1.9.4

Node version: 
  8.12.0

Platform: 
  win32 x64

Trace: 
  Error: EPERM: operation not permitted, unlink 'C:\Users\Gean_\Desktop\light-bootstrap-dashboard-react-html-v1.2.0\node_modules\node-sass\vendor\win32-x64-57\binding.node'

npm manifest: 
  {
    "name": "light-bootstrap-dashboard-react",
    "version": "1.2.0",
    "private": true,
    "dependencies": {
      "bootstrap": "3.3.7",
      "chartist": "0.10.1",
      "node-sass": "4.6.1",
      "node-sass-chokidar": "0.0.3",
      "npm-run-all": "4.1.2",
      "react": "16.2.0",
      "react-bootstrap": "0.32.1",
      "react-chartist": "0.13.1",
      "react-dom": "16.2.0",
      "react-google-maps": "9.4.5",
      "react-notification-system": "0.2.17",
      "react-router-dom": "4.2.2",
      "react-scripts": "1.1.1"
    },
    "scripts": {
      "build-css": "node-sass-chokidar --include-path ./src --include-path ./node_modules src/ -o src/",
      "watch-css": "npm run build-css && node-sass-chokidar --include-path ./src --include-path ./node_modules src/ -o src/ --watch --recursive",
      "start-js": "react-scripts start",
      "start": "npm-run-all -p watch-css start-js",
      "build": "npm run build-css && react-scripts build",
      "test": "react-scripts test --env=jsdom",
      "eject": "react-scripts eject"
    }
  }

yarn manifest: 
  No manifest

Lockfile: 
  No lockfile
